<?xml version="1.0" encoding="UTF-8"?>
<testsuite name="com.ll.AppTest" tests="1" skipped="0" failures="0" errors="0" timestamp="2023-04-03T06:50:20" hostname="MacBook-Air.local" time="0.07">
  <properties/>
  <testcase name="스캐너에 키보드가 아닌 문자열을 입력" classname="com.ll.AppTest" time="0.07"/>
  <system-out><![CDATA[]]></system-out>
  <system-err><![CDATA[]]></system-err>
</testsuite>
