<?xml version="1.0" encoding="UTF-8"?>
<testsuite name="com.ll.AppTest" tests="6" skipped="0" failures="0" errors="0" timestamp="2023-04-03T08:16:06" hostname="MacBook-Air.local" time="0.133">
  <properties/>
  <testcase name="스캐너에 키보드가 아닌 문자열을 입력" classname="com.ll.AppTest" time="0.09"/>
  <testcase name="출력을 모니터에 하지 않고 문자열로 얻기" classname="com.ll.AppTest" time="0.003"/>
  <testcase name="프로그램 시작시 타이틀 출력 그리고 종료" classname="com.ll.AppTest" time="0.014"/>
  <testcase name="잘못된 명령어 입력에 대학 처리" classname="com.ll.AppTest" time="0.003"/>
  <testcase name="등록화면에서 명언과 작가를 입력 및 명언 생성" classname="com.ll.AppTest" time="0.004"/>
  <testcase name="명언이 등록될 때 마다 생성되는 명언의 번호 1씩 증가" classname="com.ll.AppTest" time="0.003"/>
  <system-out><![CDATA[]]></system-out>
  <system-err><![CDATA[]]></system-err>
</testsuite>
