<?xml version="1.0" encoding="UTF-8"?>
<testsuite name="com.ll.AppTest" tests="4" skipped="0" failures="0" errors="0" timestamp="2023-04-03T07:39:35" hostname="MacBook-Air.local" time="0.098">
  <properties/>
  <testcase name="스캐너에 키보드가 아닌 문자열을 입력" classname="com.ll.AppTest" time="0.073"/>
  <testcase name="출력을 모니터에 하지 않고 문자열로 얻기" classname="com.ll.AppTest" time="0.003"/>
  <testcase name="프로그램 시작시 타이틀 출력 그리고 종료" classname="com.ll.AppTest" time="0.008"/>
  <testcase name="잘못된 명령어 입력에 대학 처리" classname="com.ll.AppTest" time="0.004"/>
  <system-out><![CDATA[]]></system-out>
  <system-err><![CDATA[]]></system-err>
</testsuite>
