<?xml version="1.0" encoding="UTF-8"?>
<testsuite name="com.ll.AppTest" tests="2" skipped="0" failures="0" errors="0" timestamp="2023-04-03T07:16:58" hostname="MacBook-Air.local" time="0.083">
  <properties/>
  <testcase name="스캐너에 키보드가 아닌 문자열을 입력" classname="com.ll.AppTest" time="0.079"/>
  <testcase name="출력을 모니터에 하지 않고 문자열로 얻기" classname="com.ll.AppTest" time="0.002"/>
  <system-out><![CDATA[]]></system-out>
  <system-err><![CDATA[]]></system-err>
</testsuite>
